<?xml version="1.0" encoding="UTF-8"?>
<!-- Generated by org.testng.reporters.JUnitReportReporter -->
<testsuite hostname="Sudeeps-MacBook-Pro.local" name="com.sudeeptest.app.RedBusSearchTest" tests="1" failures="0" timestamp="23 Mar 2013 07:37:04 GMT" time="4.754" errors="0">
  <testcase name="testSearch" time="4.754" classname="com.sudeeptest.app.RedBusSearchTest"/>
</testsuite> <!-- com.sudeeptest.app.RedBusSearchTest -->
