<?xml version="1.0" encoding="UTF-8"?>
<!-- Generated by org.testng.reporters.JUnitReportReporter -->
<testsuite hostname="Sudeeps-MacBook-Pro.local" name="com.sudeeptest.app.AppTest" tests="2" failures="0" timestamp="13 Mar 2013 18:34:13 GMT" time="16.200" errors="0">
  <testcase name="testApp" time="11.950" classname="com.sudeeptest.app.AppTest"/>
  <testcase name="testApp" time="4.250" classname="com.sudeeptest.app.AppTest"/>
</testsuite> <!-- com.sudeeptest.app.AppTest -->
