<?xml version="1.0" encoding="UTF-8" ?>
<testsuite failures="1" time="0.291" errors="0" skipped="1" tests="2" name="TestSuite">
  <properties>
    <property name="java.runtime.name" value="Java(TM) SE Runtime Environment"/>
    <property name="sun.boot.library.path" value="/Library/Java/JavaVirtualMachines/jdk1.7.0_13.jdk/Contents/Home/jre/lib"/>
    <property name="java.vm.version" value="23.7-b01"/>
    <property name="user.country.format" value="IN"/>
    <property name="gopherProxySet" value="false"/>
    <property name="java.vm.vendor" value="Oracle Corporation"/>
    <property name="java.vendor.url" value="http://java.oracle.com/"/>
    <property name="path.separator" value=":"/>
    <property name="java.vm.name" value="Java HotSpot(TM) 64-Bit Server VM"/>
    <property name="file.encoding.pkg" value="sun.io"/>
    <property name="user.country" value="US"/>
    <property name="sun.java.launcher" value="SUN_STANDARD"/>
    <property name="sun.os.patch.level" value="unknown"/>
    <property name="java.vm.specification.name" value="Java Virtual Machine Specification"/>
    <property name="user.dir" value="/Users/sudeep/Work/Java Workspace/my-test"/>
    <property name="java.runtime.version" value="1.7.0_13-b20"/>
    <property name="java.awt.graphicsenv" value="sun.awt.CGraphicsEnvironment"/>
    <property name="basedir" value="/Users/sudeep/Work/Java Workspace/my-test"/>
    <property name="java.endorsed.dirs" value="/Library/Java/JavaVirtualMachines/jdk1.7.0_13.jdk/Contents/Home/jre/lib/endorsed"/>
    <property name="os.arch" value="x86_64"/>
    <property name="surefire.real.class.path" value="/Users/sudeep/Work/Java Workspace/my-test/target/surefire/surefirebooter7419101088381936724.jar"/>
    <property name="java.io.tmpdir" value="/var/folders/bw/_hcj8rjn4371jncw82pd6rz40000gn/T/"/>
    <property name="line.separator" value="
"/>
    <property name="java.vm.specification.vendor" value="Oracle Corporation"/>
    <property name="os.name" value="Mac OS X"/>
    <property name="suiteXmlFile" value="testng.xml"/>
    <property name="sun.jnu.encoding" value="UTF-8"/>
    <property name="java.library.path" value="/Users/sudeep/Library/Java/Extensions:/Library/Java/Extensions:/Network/Library/Java/Extensions:/System/Library/Java/Extensions:/usr/lib/java:."/>
    <property name="surefire.test.class.path" value="/Users/sudeep/Work/Java Workspace/my-test/target/test-classes:/Users/sudeep/Work/Java Workspace/my-test/target/classes:/Users/sudeep/.m2/repository/org/seleniumhq/selenium/selenium-java/2.31.0/selenium-java-2.31.0.jar:/Users/sudeep/.m2/repository/org/seleniumhq/selenium/selenium-android-driver/2.31.0/selenium-android-driver-2.31.0.jar:/Users/sudeep/.m2/repository/org/seleniumhq/selenium/selenium-remote-driver/2.31.0/selenium-remote-driver-2.31.0.jar:/Users/sudeep/.m2/repository/cglib/cglib-nodep/2.1_3/cglib-nodep-2.1_3.jar:/Users/sudeep/.m2/repository/org/json/json/20080701/json-20080701.jar:/Users/sudeep/.m2/repository/com/google/guava/guava/14.0/guava-14.0.jar:/Users/sudeep/.m2/repository/org/seleniumhq/selenium/selenium-chrome-driver/2.31.0/selenium-chrome-driver-2.31.0.jar:/Users/sudeep/.m2/repository/org/seleniumhq/selenium/selenium-htmlunit-driver/2.31.0/selenium-htmlunit-driver-2.31.0.jar:/Users/sudeep/.m2/repository/org/seleniumhq/selenium/selenium-api/2.31.0/selenium-api-2.31.0.jar:/Users/sudeep/.m2/repository/net/sourceforge/htmlunit/htmlunit/2.11/htmlunit-2.11.jar:/Users/sudeep/.m2/repository/xalan/xalan/2.7.1/xalan-2.7.1.jar:/Users/sudeep/.m2/repository/xalan/serializer/2.7.1/serializer-2.7.1.jar:/Users/sudeep/.m2/repository/commons-collections/commons-collections/3.2.1/commons-collections-3.2.1.jar:/Users/sudeep/.m2/repository/org/apache/commons/commons-lang3/3.1/commons-lang3-3.1.jar:/Users/sudeep/.m2/repository/org/apache/httpcomponents/httpmime/4.2.2/httpmime-4.2.2.jar:/Users/sudeep/.m2/repository/net/sourceforge/htmlunit/htmlunit-core-js/2.11/htmlunit-core-js-2.11.jar:/Users/sudeep/.m2/repository/xerces/xercesImpl/2.10.0/xercesImpl-2.10.0.jar:/Users/sudeep/.m2/repository/xml-apis/xml-apis/1.4.01/xml-apis-1.4.01.jar:/Users/sudeep/.m2/repository/net/sourceforge/nekohtml/nekohtml/1.9.17/nekohtml-1.9.17.jar:/Users/sudeep/.m2/repository/net/sourceforge/cssparser/cssparser/0.9.8/cssparser-0.9.8.jar:/Users/sudeep/.m2/repository/org/w3c/css/sac/1.3/sac-1.3.jar:/Users/sudeep/.m2/repository/commons-logging/commons-logging/1.1.1/commons-logging-1.1.1.jar:/Users/sudeep/.m2/repository/org/eclipse/jetty/jetty-websocket/8.1.7.v20120910/jetty-websocket-8.1.7.v20120910.jar:/Users/sudeep/.m2/repository/org/eclipse/jetty/jetty-util/8.1.7.v20120910/jetty-util-8.1.7.v20120910.jar:/Users/sudeep/.m2/repository/org/eclipse/jetty/jetty-io/8.1.7.v20120910/jetty-io-8.1.7.v20120910.jar:/Users/sudeep/.m2/repository/org/eclipse/jetty/jetty-http/8.1.7.v20120910/jetty-http-8.1.7.v20120910.jar:/Users/sudeep/.m2/repository/org/apache/httpcomponents/httpclient/4.2.1/httpclient-4.2.1.jar:/Users/sudeep/.m2/repository/org/apache/httpcomponents/httpcore/4.2.1/httpcore-4.2.1.jar:/Users/sudeep/.m2/repository/org/seleniumhq/selenium/selenium-firefox-driver/2.31.0/selenium-firefox-driver-2.31.0.jar:/Users/sudeep/.m2/repository/commons-io/commons-io/2.2/commons-io-2.2.jar:/Users/sudeep/.m2/repository/org/apache/commons/commons-exec/1.1/commons-exec-1.1.jar:/Users/sudeep/.m2/repository/org/seleniumhq/selenium/selenium-ie-driver/2.31.0/selenium-ie-driver-2.31.0.jar:/Users/sudeep/.m2/repository/net/java/dev/jna/jna/3.4.0/jna-3.4.0.jar:/Users/sudeep/.m2/repository/net/java/dev/jna/platform/3.4.0/platform-3.4.0.jar:/Users/sudeep/.m2/repository/org/seleniumhq/selenium/selenium-iphone-driver/2.31.0/selenium-iphone-driver-2.31.0.jar:/Users/sudeep/.m2/repository/org/seleniumhq/selenium/selenium-safari-driver/2.31.0/selenium-safari-driver-2.31.0.jar:/Users/sudeep/.m2/repository/org/seleniumhq/selenium/selenium-support/2.31.0/selenium-support-2.31.0.jar:/Users/sudeep/.m2/repository/org/webbitserver/webbit/0.4.14/webbit-0.4.14.jar:/Users/sudeep/.m2/repository/io/netty/netty/3.5.2.Final/netty-3.5.2.Final.jar:/Users/sudeep/.m2/repository/org/seleniumhq/selenium/selenium-server/2.31.0/selenium-server-2.31.0.jar:/Users/sudeep/.m2/repository/org/bouncycastle/bcprov-jdk15on/1.48/bcprov-jdk15on-1.48.jar:/Users/sudeep/.m2/repository/org/bouncycastle/bcpkix-jdk15on/1.48/bcpkix-jdk15on-1.48.jar:/Users/sudeep/.m2/repository/mx4j/mx4j-tools/3.0.1/mx4j-tools-3.0.1.jar:/Users/sudeep/.m2/repository/org/mortbay/jetty/servlet-api-2.5/6.1.9/servlet-api-2.5-6.1.9.jar:/Users/sudeep/.m2/repository/org/seleniumhq/selenium/jetty-repacked/7.6.1/jetty-repacked-7.6.1.jar:/Users/sudeep/.m2/repository/net/jcip/jcip-annotations/1.0/jcip-annotations-1.0.jar:/Users/sudeep/.m2/repository/org/yaml/snakeyaml/1.8/snakeyaml-1.8.jar:/Users/sudeep/.m2/repository/commons-codec/commons-codec/1.6/commons-codec-1.6.jar:/Users/sudeep/.m2/repository/junit/junit/4.10/junit-4.10.jar:/Users/sudeep/.m2/repository/org/hamcrest/hamcrest-core/1.1/hamcrest-core-1.1.jar:/Users/sudeep/.m2/repository/org/testng/testng/6.1.1/testng-6.1.1.jar:/Users/sudeep/.m2/repository/org/beanshell/bsh/2.0b4/bsh-2.0b4.jar:/Users/sudeep/.m2/repository/com/beust/jcommander/1.12/jcommander-1.12.jar:"/>
    <property name="java.specification.name" value="Java Platform API Specification"/>
    <property name="java.class.version" value="51.0"/>
    <property name="sun.management.compiler" value="HotSpot 64-Bit Tiered Compilers"/>
    <property name="os.version" value="10.8.2"/>
    <property name="http.nonProxyHosts" value="local|*.local|169.254/16|*.169.254/16"/>
    <property name="user.home" value="/Users/sudeep"/>
    <property name="user.timezone" value="Asia/Kolkata"/>
    <property name="java.awt.printerjob" value="sun.lwawt.macosx.CPrinterJob"/>
    <property name="java.specification.version" value="1.7"/>
    <property name="file.encoding" value="UTF-8"/>
    <property name="user.name" value="sudeep"/>
    <property name="java.class.path" value="/Users/sudeep/Work/Java Workspace/my-test/target/test-classes:/Users/sudeep/Work/Java Workspace/my-test/target/classes:/Users/sudeep/.m2/repository/org/seleniumhq/selenium/selenium-java/2.31.0/selenium-java-2.31.0.jar:/Users/sudeep/.m2/repository/org/seleniumhq/selenium/selenium-android-driver/2.31.0/selenium-android-driver-2.31.0.jar:/Users/sudeep/.m2/repository/org/seleniumhq/selenium/selenium-remote-driver/2.31.0/selenium-remote-driver-2.31.0.jar:/Users/sudeep/.m2/repository/cglib/cglib-nodep/2.1_3/cglib-nodep-2.1_3.jar:/Users/sudeep/.m2/repository/org/json/json/20080701/json-20080701.jar:/Users/sudeep/.m2/repository/com/google/guava/guava/14.0/guava-14.0.jar:/Users/sudeep/.m2/repository/org/seleniumhq/selenium/selenium-chrome-driver/2.31.0/selenium-chrome-driver-2.31.0.jar:/Users/sudeep/.m2/repository/org/seleniumhq/selenium/selenium-htmlunit-driver/2.31.0/selenium-htmlunit-driver-2.31.0.jar:/Users/sudeep/.m2/repository/org/seleniumhq/selenium/selenium-api/2.31.0/selenium-api-2.31.0.jar:/Users/sudeep/.m2/repository/net/sourceforge/htmlunit/htmlunit/2.11/htmlunit-2.11.jar:/Users/sudeep/.m2/repository/xalan/xalan/2.7.1/xalan-2.7.1.jar:/Users/sudeep/.m2/repository/xalan/serializer/2.7.1/serializer-2.7.1.jar:/Users/sudeep/.m2/repository/commons-collections/commons-collections/3.2.1/commons-collections-3.2.1.jar:/Users/sudeep/.m2/repository/org/apache/commons/commons-lang3/3.1/commons-lang3-3.1.jar:/Users/sudeep/.m2/repository/org/apache/httpcomponents/httpmime/4.2.2/httpmime-4.2.2.jar:/Users/sudeep/.m2/repository/net/sourceforge/htmlunit/htmlunit-core-js/2.11/htmlunit-core-js-2.11.jar:/Users/sudeep/.m2/repository/xerces/xercesImpl/2.10.0/xercesImpl-2.10.0.jar:/Users/sudeep/.m2/repository/xml-apis/xml-apis/1.4.01/xml-apis-1.4.01.jar:/Users/sudeep/.m2/repository/net/sourceforge/nekohtml/nekohtml/1.9.17/nekohtml-1.9.17.jar:/Users/sudeep/.m2/repository/net/sourceforge/cssparser/cssparser/0.9.8/cssparser-0.9.8.jar:/Users/sudeep/.m2/repository/org/w3c/css/sac/1.3/sac-1.3.jar:/Users/sudeep/.m2/repository/commons-logging/commons-logging/1.1.1/commons-logging-1.1.1.jar:/Users/sudeep/.m2/repository/org/eclipse/jetty/jetty-websocket/8.1.7.v20120910/jetty-websocket-8.1.7.v20120910.jar:/Users/sudeep/.m2/repository/org/eclipse/jetty/jetty-util/8.1.7.v20120910/jetty-util-8.1.7.v20120910.jar:/Users/sudeep/.m2/repository/org/eclipse/jetty/jetty-io/8.1.7.v20120910/jetty-io-8.1.7.v20120910.jar:/Users/sudeep/.m2/repository/org/eclipse/jetty/jetty-http/8.1.7.v20120910/jetty-http-8.1.7.v20120910.jar:/Users/sudeep/.m2/repository/org/apache/httpcomponents/httpclient/4.2.1/httpclient-4.2.1.jar:/Users/sudeep/.m2/repository/org/apache/httpcomponents/httpcore/4.2.1/httpcore-4.2.1.jar:/Users/sudeep/.m2/repository/org/seleniumhq/selenium/selenium-firefox-driver/2.31.0/selenium-firefox-driver-2.31.0.jar:/Users/sudeep/.m2/repository/commons-io/commons-io/2.2/commons-io-2.2.jar:/Users/sudeep/.m2/repository/org/apache/commons/commons-exec/1.1/commons-exec-1.1.jar:/Users/sudeep/.m2/repository/org/seleniumhq/selenium/selenium-ie-driver/2.31.0/selenium-ie-driver-2.31.0.jar:/Users/sudeep/.m2/repository/net/java/dev/jna/jna/3.4.0/jna-3.4.0.jar:/Users/sudeep/.m2/repository/net/java/dev/jna/platform/3.4.0/platform-3.4.0.jar:/Users/sudeep/.m2/repository/org/seleniumhq/selenium/selenium-iphone-driver/2.31.0/selenium-iphone-driver-2.31.0.jar:/Users/sudeep/.m2/repository/org/seleniumhq/selenium/selenium-safari-driver/2.31.0/selenium-safari-driver-2.31.0.jar:/Users/sudeep/.m2/repository/org/seleniumhq/selenium/selenium-support/2.31.0/selenium-support-2.31.0.jar:/Users/sudeep/.m2/repository/org/webbitserver/webbit/0.4.14/webbit-0.4.14.jar:/Users/sudeep/.m2/repository/io/netty/netty/3.5.2.Final/netty-3.5.2.Final.jar:/Users/sudeep/.m2/repository/org/seleniumhq/selenium/selenium-server/2.31.0/selenium-server-2.31.0.jar:/Users/sudeep/.m2/repository/org/bouncycastle/bcprov-jdk15on/1.48/bcprov-jdk15on-1.48.jar:/Users/sudeep/.m2/repository/org/bouncycastle/bcpkix-jdk15on/1.48/bcpkix-jdk15on-1.48.jar:/Users/sudeep/.m2/repository/mx4j/mx4j-tools/3.0.1/mx4j-tools-3.0.1.jar:/Users/sudeep/.m2/repository/org/mortbay/jetty/servlet-api-2.5/6.1.9/servlet-api-2.5-6.1.9.jar:/Users/sudeep/.m2/repository/org/seleniumhq/selenium/jetty-repacked/7.6.1/jetty-repacked-7.6.1.jar:/Users/sudeep/.m2/repository/net/jcip/jcip-annotations/1.0/jcip-annotations-1.0.jar:/Users/sudeep/.m2/repository/org/yaml/snakeyaml/1.8/snakeyaml-1.8.jar:/Users/sudeep/.m2/repository/commons-codec/commons-codec/1.6/commons-codec-1.6.jar:/Users/sudeep/.m2/repository/junit/junit/4.10/junit-4.10.jar:/Users/sudeep/.m2/repository/org/hamcrest/hamcrest-core/1.1/hamcrest-core-1.1.jar:/Users/sudeep/.m2/repository/org/testng/testng/6.1.1/testng-6.1.1.jar:/Users/sudeep/.m2/repository/org/beanshell/bsh/2.0b4/bsh-2.0b4.jar:/Users/sudeep/.m2/repository/com/beust/jcommander/1.12/jcommander-1.12.jar:"/>
    <property name="java.vm.specification.version" value="1.7"/>
    <property name="sun.arch.data.model" value="64"/>
    <property name="java.home" value="/Library/Java/JavaVirtualMachines/jdk1.7.0_13.jdk/Contents/Home/jre"/>
    <property name="sun.java.command" value="/Users/sudeep/Work/Java Workspace/my-test/target/surefire/surefirebooter7419101088381936724.jar /Users/sudeep/Work/Java Workspace/my-test/target/surefire/surefire3656720748393142781tmp /Users/sudeep/Work/Java Workspace/my-test/target/surefire/surefire5704927595753332868tmp"/>
    <property name="java.specification.vendor" value="Oracle Corporation"/>
    <property name="user.language" value="en"/>
    <property name="awt.toolkit" value="sun.lwawt.macosx.LWCToolkit"/>
    <property name="java.vm.info" value="mixed mode"/>
    <property name="java.version" value="1.7.0_13"/>
    <property name="java.ext.dirs" value="/Users/sudeep/Library/Java/Extensions:/Library/Java/JavaVirtualMachines/jdk1.7.0_13.jdk/Contents/Home/jre/lib/ext:/Library/Java/Extensions:/Network/Library/Java/Extensions:/System/Library/Java/Extensions:/usr/lib/java"/>
    <property name="sun.boot.class.path" value="/Library/Java/JavaVirtualMachines/jdk1.7.0_13.jdk/Contents/Home/jre/lib/resources.jar:/Library/Java/JavaVirtualMachines/jdk1.7.0_13.jdk/Contents/Home/jre/lib/rt.jar:/Library/Java/JavaVirtualMachines/jdk1.7.0_13.jdk/Contents/Home/jre/lib/sunrsasign.jar:/Library/Java/JavaVirtualMachines/jdk1.7.0_13.jdk/Contents/Home/jre/lib/jsse.jar:/Library/Java/JavaVirtualMachines/jdk1.7.0_13.jdk/Contents/Home/jre/lib/jce.jar:/Library/Java/JavaVirtualMachines/jdk1.7.0_13.jdk/Contents/Home/jre/lib/charsets.jar:/Library/Java/JavaVirtualMachines/jdk1.7.0_13.jdk/Contents/Home/jre/lib/jfr.jar:/Library/Java/JavaVirtualMachines/jdk1.7.0_13.jdk/Contents/Home/jre/lib/JObjC.jar:/Library/Java/JavaVirtualMachines/jdk1.7.0_13.jdk/Contents/Home/jre/classes"/>
    <property name="java.vendor" value="Oracle Corporation"/>
    <property name="localRepository" value="/Users/sudeep/.m2/repository"/>
    <property name="file.separator" value="/"/>
    <property name="java.vendor.url.bug" value="http://bugreport.sun.com/bugreport/"/>
    <property name="sun.cpu.endian" value="little"/>
    <property name="sun.io.unicode.encoding" value="UnicodeBig"/>
    <property name="socksNonProxyHosts" value="local|*.local|169.254/16|*.169.254/16"/>
    <property name="ftp.nonProxyHosts" value="local|*.local|169.254/16|*.169.254/16"/>
    <property name="sun.cpu.isalist" value=""/>
  </properties>
  <testcase time="0" classname="com.sudeeptest.app.AppTest" name="testApp">
    <skipped/>
  </testcase>
  <testcase time="0.012" classname="com.sudeeptest.app.AppTest" name="tearDown">
    <failure type="java.lang.NullPointerException">java.lang.NullPointerException
	at com.sudeeptest.app.AppTest.tearDown(AppTest.java:43)
</failure>
  </testcase>
</testsuite>